09:24:14.880 INFO [main] org.lenskit.cli.Main: Starting LensKit 3.0-M2 on Java 1.8.0_144 from Oracle Corporation
09:24:14.904 DEBUG [main] org.lenskit.LenskitInfo: have 5655 active revisions
09:24:14.910 DEBUG [main] org.lenskit.cli.Main: Built from Git revision 0c68ad209f38816e66497a656f777a3c1484778d
09:24:14.910 DEBUG [main] org.lenskit.cli.Main: Using VM 'Java HotSpot(TM) 64-Bit Server VM' version 25.144-b01 from Oracle Corporation
09:24:14.910 INFO [main] org.lenskit.cli.Main: Have 4 processors and heap limit of 1820 MiB
09:24:14.942 INFO [main] org.lenskit.cli.util.RecommenderLoader: creating fresh recommender
09:24:15.222 INFO [main] org.lenskit.config.ConfigurationLoader: loading script from file:/Users/ww/codework/coursera/recommendation/matrix/hybrid-assignment/cfg/svd-log.groovy
09:24:15.752 DEBUG [main] org.lenskit.data.dao.file.TextEntitySource: loading source ratings with base URI file:/Users/ww/codework/coursera/recommendation/matrix/hybrid-assignment/data/movielens.yml
09:24:15.753 DEBUG [main] org.lenskit.data.dao.file.TextEntitySource: resolved file URI: file:/Users/ww/codework/coursera/recommendation/matrix/hybrid-assignment/data/ratings.csv
09:24:15.764 INFO [main] org.lenskit.data.dao.file.TextEntitySource: loading text file source ratings to read from file:/Users/ww/codework/coursera/recommendation/matrix/hybrid-assignment/data/ratings.csv
09:24:15.769 DEBUG [main] org.lenskit.data.dao.file.TextEntitySource: ratings: using delimiter ,
09:24:15.769 DEBUG [main] org.lenskit.data.dao.file.TextEntitySource: ratings: reading header
09:24:15.769 DEBUG [main] org.lenskit.data.dao.file.TextEntitySource: ratings: reading entities of type EntityType[rating]
09:24:15.804 DEBUG [main] org.lenskit.data.dao.file.TextEntitySource: class org.lenskit.data.ratings.RatingBuilder: using entity builder {}
09:24:15.804 DEBUG [main] org.lenskit.data.dao.file.TextEntitySource: loading source movies with base URI file:/Users/ww/codework/coursera/recommendation/matrix/hybrid-assignment/data/movielens.yml
09:24:15.805 DEBUG [main] org.lenskit.data.dao.file.TextEntitySource: resolved file URI: file:/Users/ww/codework/coursera/recommendation/matrix/hybrid-assignment/data/movies.csv
09:24:15.805 INFO [main] org.lenskit.data.dao.file.TextEntitySource: loading text file source movies to read from file:/Users/ww/codework/coursera/recommendation/matrix/hybrid-assignment/data/movies.csv
09:24:15.805 DEBUG [main] org.lenskit.data.dao.file.TextEntitySource: movies: using delimiter ,
09:24:15.805 DEBUG [main] org.lenskit.data.dao.file.TextEntitySource: movies: reading header
09:24:15.805 DEBUG [main] org.lenskit.data.dao.file.TextEntitySource: movies: reading entities of type EntityType[item]
09:24:15.806 DEBUG [main] org.lenskit.data.dao.file.TextEntitySource: class org.lenskit.data.entities.BasicEntityBuilder: using entity builder {}
09:24:15.806 DEBUG [main] org.lenskit.data.dao.file.TextEntitySource: loading source tags with base URI file:/Users/ww/codework/coursera/recommendation/matrix/hybrid-assignment/data/movielens.yml
09:24:15.806 DEBUG [main] org.lenskit.data.dao.file.TextEntitySource: resolved file URI: file:/Users/ww/codework/coursera/recommendation/matrix/hybrid-assignment/data/tags.csv
09:24:15.806 INFO [main] org.lenskit.data.dao.file.TextEntitySource: loading text file source tags to read from file:/Users/ww/codework/coursera/recommendation/matrix/hybrid-assignment/data/tags.csv
09:24:15.807 DEBUG [main] org.lenskit.data.dao.file.TextEntitySource: tags: using delimiter ,
09:24:15.807 DEBUG [main] org.lenskit.data.dao.file.TextEntitySource: tags: reading header
09:24:15.807 DEBUG [main] org.lenskit.data.dao.file.TextEntitySource: tags: reading entities of type EntityType[item-tag]
09:24:15.807 DEBUG [main] org.lenskit.data.dao.file.TextEntitySource: class org.lenskit.data.entities.BasicEntityBuilder: using entity builder {}
09:24:15.814 DEBUG [main] org.lenskit.LenskitRecommenderEngineBuilder: building graph from 3 configurations
09:24:15.919 DEBUG [main] org.lenskit.inject.RecommenderInstantiator: replacing nodes in graph with 23 nodes
09:24:15.924 DEBUG [main] org.lenskit.inject.RecommenderInstantiator: found 10 shared nodes
09:24:19.452 INFO [main] org.lenskit.data.dao.file.StaticDataSource: deriving entity type EntityType[user] from EntityType[rating] (column TypedName[user: long])
09:24:19.528 INFO [main] org.lenskit.data.dao.file.StaticDataSource: deriving entity type EntityType[item] from EntityType[rating] (column TypedName[item: long])
09:24:19.595 DEBUG [main] org.lenskit.data.entities.EntityCollectionBuilder: built collection of 2500 entities with type EntityType[item] and 2 indexes
09:24:19.631 DEBUG [main] org.lenskit.data.entities.EntityCollectionBuilder: built collection of 264505 entities with type EntityType[rating] and 2 indexes
09:24:19.651 DEBUG [main] org.lenskit.data.entities.EntityCollectionBuilder: built collection of 94875 entities with type EntityType[item-tag] and 2 indexes
09:24:19.652 DEBUG [main] org.lenskit.data.entities.EntityCollectionBuilder: built collection of 862 entities with type EntityType[user] and 2 indexes
09:24:19.664 INFO [main] org.lenskit.mooc.hybrid.LogisticTrainingSplit: separating input data into train and tune sets
09:24:19.664 DEBUG [main] org.lenskit.mooc.hybrid.LogisticTrainingSplit: copying entities of type EntityType[item]
09:24:19.689 DEBUG [main] org.lenskit.mooc.hybrid.LogisticTrainingSplit: copying entities of type EntityType[item-tag]
09:24:20.201 DEBUG [main] org.lenskit.mooc.hybrid.LogisticTrainingSplit: copying entities of type EntityType[user]
09:24:20.208 DEBUG [main] org.lenskit.mooc.hybrid.LogisticTrainingSplit: splitting ratings
09:24:21.481 DEBUG [main] org.lenskit.data.entities.EntityCollectionBuilder: built collection of 2500 entities with type EntityType[item] and 0 indexes
09:24:21.499 DEBUG [main] org.lenskit.data.entities.EntityCollectionBuilder: built collection of 237978 entities with type EntityType[rating] and 2 indexes
09:24:21.504 DEBUG [main] org.lenskit.data.entities.EntityCollectionBuilder: built collection of 94875 entities with type EntityType[item-tag] and 0 indexes
09:24:21.504 DEBUG [main] org.lenskit.data.entities.EntityCollectionBuilder: built collection of 862 entities with type EntityType[user] and 0 indexes
09:24:21.509 INFO [main] org.lenskit.mooc.hybrid.LogisticTrainingSplit: selected 26527 train ratings, building 53054 negative samples
09:24:21.525 DEBUG [main] org.lenskit.LenskitRecommenderEngineBuilder: building graph from 1 configurations
09:24:21.569 DEBUG [main] org.lenskit.inject.RecommenderInstantiator: replacing nodes in graph with 25 nodes
09:24:21.569 DEBUG [main] org.lenskit.inject.RecommenderInstantiator: found 13 shared nodes
09:24:21.648 INFO [main] org.lenskit.data.ratings.RatingSummaryProvider: summarized 2500 items with 237978 ratings
09:24:22.004 DEBUG [main] org.lenskit.data.ratings.PackedRatingMatrixProvider: Packing preference snapshot
09:24:22.056 DEBUG [main] org.lenskit.data.ratings.PackedRatingMatrixProvider: Packed 237978 ratings
09:24:22.099 DEBUG [main] org.lenskit.mf.funksvd.FunkSVDModelProvider: Learning rate is 0.0015
09:24:22.100 DEBUG [main] org.lenskit.mf.funksvd.FunkSVDModelProvider: Regularization term is 0.015
09:24:22.101 INFO [main] org.lenskit.mf.funksvd.FunkSVDModelProvider: Building SVD with 20 features for 237978 ratings
09:24:22.388 DEBUG [main] org.lenskit.mf.funksvd.FunkSVDModelProvider: Training feature 0
09:24:23.206 INFO [main] org.lenskit.mf.funksvd.FunkSVDModelProvider: Finished feature 0 in 00:00:00.815
09:24:23.215 DEBUG [main] org.lenskit.mf.funksvd.FunkSVDModelProvider: Training feature 1
09:24:23.796 INFO [main] org.lenskit.mf.funksvd.FunkSVDModelProvider: Finished feature 1 in 00:00:00.581
09:24:23.797 DEBUG [main] org.lenskit.mf.funksvd.FunkSVDModelProvider: Training feature 2
09:24:24.161 INFO [main] org.lenskit.mf.funksvd.FunkSVDModelProvider: Finished feature 2 in 00:00:00.363
09:24:24.161 DEBUG [main] org.lenskit.mf.funksvd.FunkSVDModelProvider: Training feature 3
09:24:24.504 INFO [main] org.lenskit.mf.funksvd.FunkSVDModelProvider: Finished feature 3 in 00:00:00.343
09:24:24.505 DEBUG [main] org.lenskit.mf.funksvd.FunkSVDModelProvider: Training feature 4
09:24:24.815 INFO [main] org.lenskit.mf.funksvd.FunkSVDModelProvider: Finished feature 4 in 00:00:00.310
09:24:24.816 DEBUG [main] org.lenskit.mf.funksvd.FunkSVDModelProvider: Training feature 5
09:24:25.128 INFO [main] org.lenskit.mf.funksvd.FunkSVDModelProvider: Finished feature 5 in 00:00:00.311
09:24:25.128 DEBUG [main] org.lenskit.mf.funksvd.FunkSVDModelProvider: Training feature 6
09:24:25.478 INFO [main] org.lenskit.mf.funksvd.FunkSVDModelProvider: Finished feature 6 in 00:00:00.349
09:24:25.478 DEBUG [main] org.lenskit.mf.funksvd.FunkSVDModelProvider: Training feature 7
09:24:25.792 INFO [main] org.lenskit.mf.funksvd.FunkSVDModelProvider: Finished feature 7 in 00:00:00.313
09:24:25.792 DEBUG [main] org.lenskit.mf.funksvd.FunkSVDModelProvider: Training feature 8
09:24:26.106 INFO [main] org.lenskit.mf.funksvd.FunkSVDModelProvider: Finished feature 8 in 00:00:00.313
09:24:26.106 DEBUG [main] org.lenskit.mf.funksvd.FunkSVDModelProvider: Training feature 9
09:24:26.432 INFO [main] org.lenskit.mf.funksvd.FunkSVDModelProvider: Finished feature 9 in 00:00:00.325
09:24:26.432 DEBUG [main] org.lenskit.mf.funksvd.FunkSVDModelProvider: Training feature 10
09:24:26.756 INFO [main] org.lenskit.mf.funksvd.FunkSVDModelProvider: Finished feature 10 in 00:00:00.324
09:24:26.756 DEBUG [main] org.lenskit.mf.funksvd.FunkSVDModelProvider: Training feature 11
09:24:27.075 INFO [main] org.lenskit.mf.funksvd.FunkSVDModelProvider: Finished feature 11 in 00:00:00.318
09:24:27.075 DEBUG [main] org.lenskit.mf.funksvd.FunkSVDModelProvider: Training feature 12
09:24:27.385 INFO [main] org.lenskit.mf.funksvd.FunkSVDModelProvider: Finished feature 12 in 00:00:00.310
09:24:27.386 DEBUG [main] org.lenskit.mf.funksvd.FunkSVDModelProvider: Training feature 13
09:24:27.694 INFO [main] org.lenskit.mf.funksvd.FunkSVDModelProvider: Finished feature 13 in 00:00:00.308
09:24:27.694 DEBUG [main] org.lenskit.mf.funksvd.FunkSVDModelProvider: Training feature 14
09:24:28.002 INFO [main] org.lenskit.mf.funksvd.FunkSVDModelProvider: Finished feature 14 in 00:00:00.307
09:24:28.003 DEBUG [main] org.lenskit.mf.funksvd.FunkSVDModelProvider: Training feature 15
09:24:28.317 INFO [main] org.lenskit.mf.funksvd.FunkSVDModelProvider: Finished feature 15 in 00:00:00.313
09:24:28.317 DEBUG [main] org.lenskit.mf.funksvd.FunkSVDModelProvider: Training feature 16
09:24:28.630 INFO [main] org.lenskit.mf.funksvd.FunkSVDModelProvider: Finished feature 16 in 00:00:00.313
09:24:28.630 DEBUG [main] org.lenskit.mf.funksvd.FunkSVDModelProvider: Training feature 17
09:24:28.940 INFO [main] org.lenskit.mf.funksvd.FunkSVDModelProvider: Finished feature 17 in 00:00:00.309
09:24:28.940 DEBUG [main] org.lenskit.mf.funksvd.FunkSVDModelProvider: Training feature 18
09:24:29.250 INFO [main] org.lenskit.mf.funksvd.FunkSVDModelProvider: Finished feature 18 in 00:00:00.310
09:24:29.251 DEBUG [main] org.lenskit.mf.funksvd.FunkSVDModelProvider: Training feature 19
09:24:29.564 INFO [main] org.lenskit.mf.funksvd.FunkSVDModelProvider: Finished feature 19 in 00:00:00.312
09:24:29.565 DEBUG [main] org.lenskit.inject.RecommenderInstantiator: final graph has 17 nodes
09:24:29.565 DEBUG [main] org.lenskit.LenskitRecommenderEngineBuilder: rewriting graph
09:24:29.631 INFO [main] org.lenskit.data.ratings.RatingSummaryProvider: summarized 2500 items with 264505 ratings
09:25:20.809 DEBUG [main] org.lenskit.inject.RecommenderInstantiator: final graph has 18 nodes
09:25:20.811 INFO [main] org.lenskit.cli.util.RecommenderLoader: built recommender in 1.083 min
09:25:20.819 INFO [main] org.lenskit.cli.commands.Recommend: recommending for 1 users
09:25:20.824 DEBUG [main] org.lenskit.basic.TopNItemRecommender: computing effective candidates for user 320 from 2500 candidates and 62 excluded items
09:25:20.825 DEBUG [main] org.lenskit.basic.TopNItemRecommender: Computing 10 recommendations for user 320 from 2438 candidates
09:25:21.410 INFO [main] org.lenskit.cli.commands.Recommend: recommended for 1 users in 590.4 ms
09:25:21.411 INFO [main] org.lenskit.cli.Main: If you use LensKit in published research, please see http://lenskit.org/research/
