23:42:07.213 INFO [main] org.lenskit.cli.Main: Starting LensKit 3.0-M2 on Java 1.8.0_144 from Oracle Corporation
23:42:07.250 DEBUG [main] org.lenskit.LenskitInfo: have 5655 active revisions
23:42:07.255 DEBUG [main] org.lenskit.cli.Main: Built from Git revision 0c68ad209f38816e66497a656f777a3c1484778d
23:42:07.255 DEBUG [main] org.lenskit.cli.Main: Using VM 'Java HotSpot(TM) 64-Bit Server VM' version 25.144-b01 from Oracle Corporation
23:42:07.255 INFO [main] org.lenskit.cli.Main: Have 4 processors and heap limit of 1820 MiB
23:42:07.277 INFO [main] org.lenskit.cli.util.RecommenderLoader: creating fresh recommender
23:42:07.685 INFO [main] org.lenskit.config.ConfigurationLoader: loading script from file:/Users/ww/codework/coursera/recommendation/svd/svd-assignment/etc/svd.groovy
23:42:08.285 INFO [main] org.lenskit.config.ConfigurationLoader: loading script from file:/Users/ww/codework/coursera/recommendation/svd/svd-assignment/etc/user-item-bias.groovy
23:42:08.550 DEBUG [main] org.lenskit.data.dao.file.TextEntitySource: loading source ratings with base URI file:/Users/ww/codework/coursera/recommendation/svd/svd-assignment/data/movielens.yml
23:42:08.550 DEBUG [main] org.lenskit.data.dao.file.TextEntitySource: resolved file URI: file:/Users/ww/codework/coursera/recommendation/svd/svd-assignment/data/ratings.csv
23:42:08.560 INFO [main] org.lenskit.data.dao.file.TextEntitySource: loading text file source ratings to read from file:/Users/ww/codework/coursera/recommendation/svd/svd-assignment/data/ratings.csv
23:42:08.566 DEBUG [main] org.lenskit.data.dao.file.TextEntitySource: ratings: using delimiter ,
23:42:08.566 DEBUG [main] org.lenskit.data.dao.file.TextEntitySource: ratings: reading header
23:42:08.566 DEBUG [main] org.lenskit.data.dao.file.TextEntitySource: ratings: reading entities of type EntityType[rating]
23:42:08.612 DEBUG [main] org.lenskit.data.dao.file.TextEntitySource: class org.lenskit.data.ratings.RatingBuilder: using entity builder {}
23:42:08.612 DEBUG [main] org.lenskit.data.dao.file.TextEntitySource: loading source movies with base URI file:/Users/ww/codework/coursera/recommendation/svd/svd-assignment/data/movielens.yml
23:42:08.612 DEBUG [main] org.lenskit.data.dao.file.TextEntitySource: resolved file URI: file:/Users/ww/codework/coursera/recommendation/svd/svd-assignment/data/movies.csv
23:42:08.612 INFO [main] org.lenskit.data.dao.file.TextEntitySource: loading text file source movies to read from file:/Users/ww/codework/coursera/recommendation/svd/svd-assignment/data/movies.csv
23:42:08.612 DEBUG [main] org.lenskit.data.dao.file.TextEntitySource: movies: using delimiter ,
23:42:08.612 DEBUG [main] org.lenskit.data.dao.file.TextEntitySource: movies: reading header
23:42:08.612 DEBUG [main] org.lenskit.data.dao.file.TextEntitySource: movies: reading entities of type EntityType[item]
23:42:08.613 DEBUG [main] org.lenskit.data.dao.file.TextEntitySource: class org.lenskit.data.entities.BasicEntityBuilder: using entity builder {}
23:42:08.613 DEBUG [main] org.lenskit.data.dao.file.TextEntitySource: loading source tags with base URI file:/Users/ww/codework/coursera/recommendation/svd/svd-assignment/data/movielens.yml
23:42:08.613 DEBUG [main] org.lenskit.data.dao.file.TextEntitySource: resolved file URI: file:/Users/ww/codework/coursera/recommendation/svd/svd-assignment/data/tags.csv
23:42:08.613 INFO [main] org.lenskit.data.dao.file.TextEntitySource: loading text file source tags to read from file:/Users/ww/codework/coursera/recommendation/svd/svd-assignment/data/tags.csv
23:42:08.613 DEBUG [main] org.lenskit.data.dao.file.TextEntitySource: tags: using delimiter ,
23:42:08.613 DEBUG [main] org.lenskit.data.dao.file.TextEntitySource: tags: reading header
23:42:08.613 DEBUG [main] org.lenskit.data.dao.file.TextEntitySource: tags: reading entities of type EntityType[item-tag]
23:42:08.614 DEBUG [main] org.lenskit.data.dao.file.TextEntitySource: class org.lenskit.data.entities.BasicEntityBuilder: using entity builder {}
23:42:08.619 DEBUG [main] org.lenskit.LenskitRecommenderEngineBuilder: building graph from 4 configurations
23:42:08.715 DEBUG [main] org.lenskit.inject.RecommenderInstantiator: replacing nodes in graph with 17 nodes
23:42:08.721 DEBUG [main] org.lenskit.inject.RecommenderInstantiator: found 7 shared nodes
23:42:12.907 INFO [main] org.lenskit.data.dao.file.StaticDataSource: deriving entity type EntityType[user] from EntityType[rating] (column TypedName[user: long])
23:42:13.018 INFO [main] org.lenskit.data.dao.file.StaticDataSource: deriving entity type EntityType[item] from EntityType[rating] (column TypedName[item: long])
23:42:13.089 DEBUG [main] org.lenskit.data.entities.EntityCollectionBuilder: built collection of 2500 entities with type EntityType[item] and 2 indexes
23:42:13.139 DEBUG [main] org.lenskit.data.entities.EntityCollectionBuilder: built collection of 264505 entities with type EntityType[rating] and 2 indexes
23:42:13.161 DEBUG [main] org.lenskit.data.entities.EntityCollectionBuilder: built collection of 94875 entities with type EntityType[item-tag] and 2 indexes
23:42:13.162 DEBUG [main] org.lenskit.data.entities.EntityCollectionBuilder: built collection of 862 entities with type EntityType[user] and 2 indexes
23:42:13.278 INFO [main] org.lenskit.data.ratings.RatingSummaryProvider: summarized 2500 items with 264505 ratings
23:42:13.535 INFO [main] org.lenskit.mooc.svd.SVDModelBuilder: creating 862 by 2500 rating matrix
23:42:13.644 INFO [main] org.lenskit.mooc.svd.SVDModelBuilder: factorizing matrix
23:43:25.867 INFO [main] org.lenskit.mooc.svd.SVDModelBuilder: decomposed matrix has rank 862
23:43:25.873 INFO [main] org.lenskit.mooc.svd.SVDModelBuilder: truncating matrix to 25 features
23:43:25.874 DEBUG [main] org.lenskit.inject.RecommenderInstantiator: final graph has 16 nodes
23:43:25.876 INFO [main] org.lenskit.cli.util.RecommenderLoader: built recommender in 1.288 min
23:43:25.882 INFO [main] org.lenskit.cli.commands.Predict: predicting 4 items
23:43:25.895 INFO [main] org.lenskit.cli.commands.Predict: predicted for 4 items in 12.65 ms
23:43:25.896 INFO [main] org.lenskit.cli.Main: If you use LensKit in published research, please see http://lenskit.org/research/
