23:44:11.827 INFO [main] org.lenskit.cli.Main: Starting LensKit 3.0-M2 on Java 1.8.0_144 from Oracle Corporation
23:44:11.860 DEBUG [main] org.lenskit.LenskitInfo: have 5655 active revisions
23:44:11.866 DEBUG [main] org.lenskit.cli.Main: Built from Git revision 0c68ad209f38816e66497a656f777a3c1484778d
23:44:11.867 DEBUG [main] org.lenskit.cli.Main: Using VM 'Java HotSpot(TM) 64-Bit Server VM' version 25.144-b01 from Oracle Corporation
23:44:11.867 INFO [main] org.lenskit.cli.Main: Have 4 processors and heap limit of 1820 MiB
23:44:11.889 INFO [main] org.lenskit.cli.util.RecommenderLoader: creating fresh recommender
23:44:12.224 INFO [main] org.lenskit.config.ConfigurationLoader: loading script from file:/Users/ww/codework/coursera/recommendation/svd/svd-assignment/etc/svd.groovy
23:44:12.743 INFO [main] org.lenskit.config.ConfigurationLoader: loading script from file:/Users/ww/codework/coursera/recommendation/svd/svd-assignment/etc/item-bias.groovy
23:44:13.256 DEBUG [main] org.lenskit.data.dao.file.TextEntitySource: loading source ratings with base URI file:/Users/ww/codework/coursera/recommendation/svd/svd-assignment/data/movielens.yml
23:44:13.257 DEBUG [main] org.lenskit.data.dao.file.TextEntitySource: resolved file URI: file:/Users/ww/codework/coursera/recommendation/svd/svd-assignment/data/ratings.csv
23:44:13.270 INFO [main] org.lenskit.data.dao.file.TextEntitySource: loading text file source ratings to read from file:/Users/ww/codework/coursera/recommendation/svd/svd-assignment/data/ratings.csv
23:44:13.276 DEBUG [main] org.lenskit.data.dao.file.TextEntitySource: ratings: using delimiter ,
23:44:13.276 DEBUG [main] org.lenskit.data.dao.file.TextEntitySource: ratings: reading header
23:44:13.276 DEBUG [main] org.lenskit.data.dao.file.TextEntitySource: ratings: reading entities of type EntityType[rating]
23:44:13.324 DEBUG [main] org.lenskit.data.dao.file.TextEntitySource: class org.lenskit.data.ratings.RatingBuilder: using entity builder {}
23:44:13.324 DEBUG [main] org.lenskit.data.dao.file.TextEntitySource: loading source movies with base URI file:/Users/ww/codework/coursera/recommendation/svd/svd-assignment/data/movielens.yml
23:44:13.324 DEBUG [main] org.lenskit.data.dao.file.TextEntitySource: resolved file URI: file:/Users/ww/codework/coursera/recommendation/svd/svd-assignment/data/movies.csv
23:44:13.324 INFO [main] org.lenskit.data.dao.file.TextEntitySource: loading text file source movies to read from file:/Users/ww/codework/coursera/recommendation/svd/svd-assignment/data/movies.csv
23:44:13.325 DEBUG [main] org.lenskit.data.dao.file.TextEntitySource: movies: using delimiter ,
23:44:13.325 DEBUG [main] org.lenskit.data.dao.file.TextEntitySource: movies: reading header
23:44:13.325 DEBUG [main] org.lenskit.data.dao.file.TextEntitySource: movies: reading entities of type EntityType[item]
23:44:13.325 DEBUG [main] org.lenskit.data.dao.file.TextEntitySource: class org.lenskit.data.entities.BasicEntityBuilder: using entity builder {}
23:44:13.325 DEBUG [main] org.lenskit.data.dao.file.TextEntitySource: loading source tags with base URI file:/Users/ww/codework/coursera/recommendation/svd/svd-assignment/data/movielens.yml
23:44:13.325 DEBUG [main] org.lenskit.data.dao.file.TextEntitySource: resolved file URI: file:/Users/ww/codework/coursera/recommendation/svd/svd-assignment/data/tags.csv
23:44:13.325 INFO [main] org.lenskit.data.dao.file.TextEntitySource: loading text file source tags to read from file:/Users/ww/codework/coursera/recommendation/svd/svd-assignment/data/tags.csv
23:44:13.327 DEBUG [main] org.lenskit.data.dao.file.TextEntitySource: tags: using delimiter ,
23:44:13.327 DEBUG [main] org.lenskit.data.dao.file.TextEntitySource: tags: reading header
23:44:13.327 DEBUG [main] org.lenskit.data.dao.file.TextEntitySource: tags: reading entities of type EntityType[item-tag]
23:44:13.328 DEBUG [main] org.lenskit.data.dao.file.TextEntitySource: class org.lenskit.data.entities.BasicEntityBuilder: using entity builder {}
23:44:13.335 DEBUG [main] org.lenskit.LenskitRecommenderEngineBuilder: building graph from 4 configurations
23:44:13.471 DEBUG [main] org.lenskit.inject.RecommenderInstantiator: replacing nodes in graph with 16 nodes
23:44:13.478 DEBUG [main] org.lenskit.inject.RecommenderInstantiator: found 7 shared nodes
23:44:18.557 INFO [main] org.lenskit.data.dao.file.StaticDataSource: deriving entity type EntityType[user] from EntityType[rating] (column TypedName[user: long])
23:44:18.713 INFO [main] org.lenskit.data.dao.file.StaticDataSource: deriving entity type EntityType[item] from EntityType[rating] (column TypedName[item: long])
23:44:18.873 DEBUG [main] org.lenskit.data.entities.EntityCollectionBuilder: built collection of 2500 entities with type EntityType[item] and 2 indexes
23:44:18.928 DEBUG [main] org.lenskit.data.entities.EntityCollectionBuilder: built collection of 264505 entities with type EntityType[rating] and 2 indexes
23:44:18.952 DEBUG [main] org.lenskit.data.entities.EntityCollectionBuilder: built collection of 94875 entities with type EntityType[item-tag] and 2 indexes
23:44:18.953 DEBUG [main] org.lenskit.data.entities.EntityCollectionBuilder: built collection of 862 entities with type EntityType[user] and 2 indexes
23:44:19.048 INFO [main] org.lenskit.data.ratings.RatingSummaryProvider: summarized 2500 items with 264505 ratings
23:44:19.068 INFO [main] org.lenskit.mooc.svd.SVDModelBuilder: creating 862 by 2500 rating matrix
23:44:19.159 INFO [main] org.lenskit.mooc.svd.SVDModelBuilder: factorizing matrix
23:45:22.152 INFO [main] org.lenskit.mooc.svd.SVDModelBuilder: decomposed matrix has rank 861
23:45:22.156 INFO [main] org.lenskit.mooc.svd.SVDModelBuilder: truncating matrix to 25 features
23:45:22.157 DEBUG [main] org.lenskit.inject.RecommenderInstantiator: final graph has 16 nodes
23:45:22.158 INFO [main] org.lenskit.cli.util.RecommenderLoader: built recommender in 1.147 min
23:45:22.164 INFO [main] org.lenskit.cli.commands.Recommend: recommending for 1 users
23:45:22.171 DEBUG [main] org.lenskit.basic.TopNItemRecommender: computing effective candidates for user 320 from 2500 candidates and 62 excluded items
23:45:22.172 DEBUG [main] org.lenskit.basic.TopNItemRecommender: Computing 10 recommendations for user 320 from 2438 candidates
23:45:22.192 INFO [main] org.lenskit.cli.commands.Recommend: recommended for 1 users in 27.88 ms
23:45:22.192 INFO [main] org.lenskit.cli.Main: If you use LensKit in published research, please see http://lenskit.org/research/
