08:17:58.554 INFO [main] org.lenskit.cli.Main: Starting LensKit 3.0-M1 on Java 1.8.0_144 from Oracle Corporation
08:17:58.587 DEBUG [main] org.lenskit.LenskitInfo: have 5573 active revisions
08:17:58.593 DEBUG [main] org.lenskit.cli.Main: Built from Git revision c0210fa3281ef8b15b0959bcd5fced43c5fec38a
08:17:58.594 DEBUG [main] org.lenskit.cli.Main: Using VM 'Java HotSpot(TM) 64-Bit Server VM' version 25.144-b01 from Oracle Corporation
08:17:58.594 INFO [main] org.lenskit.cli.Main: Have 4 processors and heap limit of 1820 MiB
08:17:58.612 INFO [main] org.lenskit.cli.util.RecommenderLoader: creating fresh recommender
08:17:58.924 INFO [main] org.lenskit.config.ConfigurationLoader: loading script from file:/Users/ww/Downloads/nonpers-assignment/etc/lift-assoc.groovy
08:17:59.564 DEBUG [main] org.lenskit.data.dao.file.TextEntitySource: loading source ratings with base URI file:/Users/ww/Downloads/nonpers-assignment/data/movielens.yml
08:17:59.564 DEBUG [main] org.lenskit.data.dao.file.TextEntitySource: resolved file URI: file:/Users/ww/Downloads/nonpers-assignment/data/ratings.csv
08:17:59.574 INFO [main] org.lenskit.data.dao.file.TextEntitySource: loading text file source ratings to read from file:/Users/ww/Downloads/nonpers-assignment/data/ratings.csv
08:17:59.581 DEBUG [main] org.lenskit.data.dao.file.TextEntitySource: ratings: using delimiter ,
08:17:59.581 DEBUG [main] org.lenskit.data.dao.file.TextEntitySource: ratings: reading header
08:17:59.581 DEBUG [main] org.lenskit.data.dao.file.TextEntitySource: ratings: reading entities of type EntityType[rating]
08:17:59.625 DEBUG [main] org.lenskit.data.dao.file.TextEntitySource: class org.lenskit.data.ratings.RatingBuilder: using entity builder {}
08:17:59.625 DEBUG [main] org.lenskit.data.dao.file.TextEntitySource: loading source movies with base URI file:/Users/ww/Downloads/nonpers-assignment/data/movielens.yml
08:17:59.625 DEBUG [main] org.lenskit.data.dao.file.TextEntitySource: resolved file URI: file:/Users/ww/Downloads/nonpers-assignment/data/movies.csv
08:17:59.625 INFO [main] org.lenskit.data.dao.file.TextEntitySource: loading text file source movies to read from file:/Users/ww/Downloads/nonpers-assignment/data/movies.csv
08:17:59.625 DEBUG [main] org.lenskit.data.dao.file.TextEntitySource: movies: using delimiter ,
08:17:59.625 DEBUG [main] org.lenskit.data.dao.file.TextEntitySource: movies: reading header
08:17:59.626 DEBUG [main] org.lenskit.data.dao.file.TextEntitySource: movies: reading entities of type EntityType[item]
08:17:59.626 DEBUG [main] org.lenskit.data.dao.file.TextEntitySource: class org.lenskit.data.entities.BasicEntityBuilder: using entity builder {}
08:17:59.627 DEBUG [main] org.lenskit.data.dao.file.TextEntitySource: loading source tags with base URI file:/Users/ww/Downloads/nonpers-assignment/data/movielens.yml
08:17:59.627 DEBUG [main] org.lenskit.data.dao.file.TextEntitySource: resolved file URI: file:/Users/ww/Downloads/nonpers-assignment/data/tags.csv
08:17:59.627 INFO [main] org.lenskit.data.dao.file.TextEntitySource: loading text file source tags to read from file:/Users/ww/Downloads/nonpers-assignment/data/tags.csv
08:17:59.627 DEBUG [main] org.lenskit.data.dao.file.TextEntitySource: tags: using delimiter ,
08:17:59.628 DEBUG [main] org.lenskit.data.dao.file.TextEntitySource: tags: reading header
08:17:59.628 DEBUG [main] org.lenskit.data.dao.file.TextEntitySource: tags: reading entities of type EntityType[item-tag]
08:17:59.629 DEBUG [main] org.lenskit.data.dao.file.TextEntitySource: class org.lenskit.data.entities.BasicEntityBuilder: using entity builder {}
08:17:59.631 DEBUG [main] org.lenskit.LenskitRecommenderEngineBuilder: building graph from 3 configurations
08:17:59.724 DEBUG [main] org.lenskit.inject.RecommenderInstantiator: replacing nodes in graph with 9 nodes
08:17:59.732 DEBUG [main] org.lenskit.inject.RecommenderInstantiator: found 5 shared nodes
08:18:01.913 INFO [main] org.lenskit.data.dao.file.StaticDataSource: deriving entity type EntityType[user] from EntityType[rating] (column TypedName[user: long])
08:18:02.057 INFO [main] org.lenskit.data.dao.file.StaticDataSource: deriving entity type EntityType[item] from EntityType[rating] (column TypedName[item: long])
08:18:02.089 DEBUG [main] org.lenskit.data.entities.EntityCollectionBuilder: built collection of 2500 entities with type EntityType[item] and 2 indexes
08:18:02.130 DEBUG [main] org.lenskit.data.entities.EntityCollectionBuilder: built collection of 264505 entities with type EntityType[rating] and 2 indexes
08:18:02.160 DEBUG [main] org.lenskit.data.entities.EntityCollectionBuilder: built collection of 94875 entities with type EntityType[item-tag] and 2 indexes
08:18:02.161 DEBUG [main] org.lenskit.data.entities.EntityCollectionBuilder: built collection of 862 entities with type EntityType[user] and 2 indexes
08:18:24.464 DEBUG [main] org.lenskit.mooc.nonpers.assoc.AssociationModel: transforming input map for 2500 items into log data
08:18:24.740 DEBUG [main] org.lenskit.inject.RecommenderInstantiator: final graph has 9 nodes
08:18:24.742 INFO [main] org.lenskit.cli.util.RecommenderLoader: built recommender in 25.11 s
08:18:24.746 INFO [main] org.lenskit.cli.commands.GlobalRecommend: using 1 reference items: [2761]
08:18:24.771 INFO [main] org.lenskit.cli.commands.GlobalRecommend: recommended in 24.49 ms
08:18:24.773 INFO [main] org.lenskit.cli.Main: If you use LensKit in published research, please see http://lenskit.org/research/
