08:17:30.931 INFO [main] org.lenskit.cli.Main: Starting LensKit 3.0-M1 on Java 1.8.0_144 from Oracle Corporation
08:17:30.959 DEBUG [main] org.lenskit.LenskitInfo: have 5573 active revisions
08:17:30.965 DEBUG [main] org.lenskit.cli.Main: Built from Git revision c0210fa3281ef8b15b0959bcd5fced43c5fec38a
08:17:30.965 DEBUG [main] org.lenskit.cli.Main: Using VM 'Java HotSpot(TM) 64-Bit Server VM' version 25.144-b01 from Oracle Corporation
08:17:30.965 INFO [main] org.lenskit.cli.Main: Have 4 processors and heap limit of 1820 MiB
08:17:30.976 INFO [main] org.lenskit.cli.util.RecommenderLoader: creating fresh recommender
08:17:31.333 INFO [main] org.lenskit.config.ConfigurationLoader: loading script from file:/Users/ww/Downloads/nonpers-assignment/etc/simple-assoc.groovy
08:17:31.846 DEBUG [main] org.lenskit.data.dao.file.TextEntitySource: loading source ratings with base URI file:/Users/ww/Downloads/nonpers-assignment/data/movielens.yml
08:17:31.846 DEBUG [main] org.lenskit.data.dao.file.TextEntitySource: resolved file URI: file:/Users/ww/Downloads/nonpers-assignment/data/ratings.csv
08:17:31.854 INFO [main] org.lenskit.data.dao.file.TextEntitySource: loading text file source ratings to read from file:/Users/ww/Downloads/nonpers-assignment/data/ratings.csv
08:17:31.860 DEBUG [main] org.lenskit.data.dao.file.TextEntitySource: ratings: using delimiter ,
08:17:31.860 DEBUG [main] org.lenskit.data.dao.file.TextEntitySource: ratings: reading header
08:17:31.860 DEBUG [main] org.lenskit.data.dao.file.TextEntitySource: ratings: reading entities of type EntityType[rating]
08:17:31.898 DEBUG [main] org.lenskit.data.dao.file.TextEntitySource: class org.lenskit.data.ratings.RatingBuilder: using entity builder {}
08:17:31.899 DEBUG [main] org.lenskit.data.dao.file.TextEntitySource: loading source movies with base URI file:/Users/ww/Downloads/nonpers-assignment/data/movielens.yml
08:17:31.899 DEBUG [main] org.lenskit.data.dao.file.TextEntitySource: resolved file URI: file:/Users/ww/Downloads/nonpers-assignment/data/movies.csv
08:17:31.899 INFO [main] org.lenskit.data.dao.file.TextEntitySource: loading text file source movies to read from file:/Users/ww/Downloads/nonpers-assignment/data/movies.csv
08:17:31.899 DEBUG [main] org.lenskit.data.dao.file.TextEntitySource: movies: using delimiter ,
08:17:31.899 DEBUG [main] org.lenskit.data.dao.file.TextEntitySource: movies: reading header
08:17:31.899 DEBUG [main] org.lenskit.data.dao.file.TextEntitySource: movies: reading entities of type EntityType[item]
08:17:31.899 DEBUG [main] org.lenskit.data.dao.file.TextEntitySource: class org.lenskit.data.entities.BasicEntityBuilder: using entity builder {}
08:17:31.899 DEBUG [main] org.lenskit.data.dao.file.TextEntitySource: loading source tags with base URI file:/Users/ww/Downloads/nonpers-assignment/data/movielens.yml
08:17:31.899 DEBUG [main] org.lenskit.data.dao.file.TextEntitySource: resolved file URI: file:/Users/ww/Downloads/nonpers-assignment/data/tags.csv
08:17:31.900 INFO [main] org.lenskit.data.dao.file.TextEntitySource: loading text file source tags to read from file:/Users/ww/Downloads/nonpers-assignment/data/tags.csv
08:17:31.900 DEBUG [main] org.lenskit.data.dao.file.TextEntitySource: tags: using delimiter ,
08:17:31.900 DEBUG [main] org.lenskit.data.dao.file.TextEntitySource: tags: reading header
08:17:31.900 DEBUG [main] org.lenskit.data.dao.file.TextEntitySource: tags: reading entities of type EntityType[item-tag]
08:17:31.900 DEBUG [main] org.lenskit.data.dao.file.TextEntitySource: class org.lenskit.data.entities.BasicEntityBuilder: using entity builder {}
08:17:31.902 DEBUG [main] org.lenskit.LenskitRecommenderEngineBuilder: building graph from 3 configurations
08:17:31.962 DEBUG [main] org.lenskit.inject.RecommenderInstantiator: replacing nodes in graph with 9 nodes
08:17:31.967 DEBUG [main] org.lenskit.inject.RecommenderInstantiator: found 5 shared nodes
08:17:33.564 INFO [main] org.lenskit.data.dao.file.StaticDataSource: deriving entity type EntityType[user] from EntityType[rating] (column TypedName[user: long])
08:17:33.721 INFO [main] org.lenskit.data.dao.file.StaticDataSource: deriving entity type EntityType[item] from EntityType[rating] (column TypedName[item: long])
08:17:33.853 DEBUG [main] org.lenskit.data.entities.EntityCollectionBuilder: built collection of 2500 entities with type EntityType[item] and 2 indexes
08:17:33.893 DEBUG [main] org.lenskit.data.entities.EntityCollectionBuilder: built collection of 264505 entities with type EntityType[rating] and 2 indexes
08:17:33.915 DEBUG [main] org.lenskit.data.entities.EntityCollectionBuilder: built collection of 94875 entities with type EntityType[item-tag] and 2 indexes
08:17:33.916 DEBUG [main] org.lenskit.data.entities.EntityCollectionBuilder: built collection of 862 entities with type EntityType[user] and 2 indexes
08:17:56.954 DEBUG [main] org.lenskit.mooc.nonpers.assoc.AssociationModel: transforming input map for 2500 items into log data
08:17:57.786 DEBUG [main] org.lenskit.inject.RecommenderInstantiator: final graph has 9 nodes
08:17:57.788 INFO [main] org.lenskit.cli.util.RecommenderLoader: built recommender in 25.89 s
08:17:57.796 INFO [main] org.lenskit.cli.commands.GlobalRecommend: using 1 reference items: [260]
08:17:57.849 INFO [main] org.lenskit.cli.commands.GlobalRecommend: recommended in 51.92 ms
08:17:57.849 INFO [main] org.lenskit.cli.Main: If you use LensKit in published research, please see http://lenskit.org/research/
