08:17:22.179 INFO [main] org.lenskit.cli.Main: Starting LensKit 3.0-M1 on Java 1.8.0_144 from Oracle Corporation
08:17:22.251 DEBUG [main] org.lenskit.LenskitInfo: have 5573 active revisions
08:17:22.257 DEBUG [main] org.lenskit.cli.Main: Built from Git revision c0210fa3281ef8b15b0959bcd5fced43c5fec38a
08:17:22.257 DEBUG [main] org.lenskit.cli.Main: Using VM 'Java HotSpot(TM) 64-Bit Server VM' version 25.144-b01 from Oracle Corporation
08:17:22.257 INFO [main] org.lenskit.cli.Main: Have 4 processors and heap limit of 1820 MiB
08:17:22.277 INFO [main] org.lenskit.cli.util.RecommenderLoader: creating fresh recommender
08:17:22.838 INFO [main] org.lenskit.config.ConfigurationLoader: loading script from file:/Users/ww/Downloads/nonpers-assignment/etc/mean.groovy
08:17:23.666 DEBUG [main] org.lenskit.data.dao.file.TextEntitySource: loading source ratings with base URI file:/Users/ww/Downloads/nonpers-assignment/data/movielens.yml
08:17:23.666 DEBUG [main] org.lenskit.data.dao.file.TextEntitySource: resolved file URI: file:/Users/ww/Downloads/nonpers-assignment/data/ratings.csv
08:17:23.680 INFO [main] org.lenskit.data.dao.file.TextEntitySource: loading text file source ratings to read from file:/Users/ww/Downloads/nonpers-assignment/data/ratings.csv
08:17:23.688 DEBUG [main] org.lenskit.data.dao.file.TextEntitySource: ratings: using delimiter ,
08:17:23.689 DEBUG [main] org.lenskit.data.dao.file.TextEntitySource: ratings: reading header
08:17:23.689 DEBUG [main] org.lenskit.data.dao.file.TextEntitySource: ratings: reading entities of type EntityType[rating]
08:17:23.743 DEBUG [main] org.lenskit.data.dao.file.TextEntitySource: class org.lenskit.data.ratings.RatingBuilder: using entity builder {}
08:17:23.743 DEBUG [main] org.lenskit.data.dao.file.TextEntitySource: loading source movies with base URI file:/Users/ww/Downloads/nonpers-assignment/data/movielens.yml
08:17:23.743 DEBUG [main] org.lenskit.data.dao.file.TextEntitySource: resolved file URI: file:/Users/ww/Downloads/nonpers-assignment/data/movies.csv
08:17:23.743 INFO [main] org.lenskit.data.dao.file.TextEntitySource: loading text file source movies to read from file:/Users/ww/Downloads/nonpers-assignment/data/movies.csv
08:17:23.743 DEBUG [main] org.lenskit.data.dao.file.TextEntitySource: movies: using delimiter ,
08:17:23.743 DEBUG [main] org.lenskit.data.dao.file.TextEntitySource: movies: reading header
08:17:23.743 DEBUG [main] org.lenskit.data.dao.file.TextEntitySource: movies: reading entities of type EntityType[item]
08:17:23.743 DEBUG [main] org.lenskit.data.dao.file.TextEntitySource: class org.lenskit.data.entities.BasicEntityBuilder: using entity builder {}
08:17:23.744 DEBUG [main] org.lenskit.data.dao.file.TextEntitySource: loading source tags with base URI file:/Users/ww/Downloads/nonpers-assignment/data/movielens.yml
08:17:23.744 DEBUG [main] org.lenskit.data.dao.file.TextEntitySource: resolved file URI: file:/Users/ww/Downloads/nonpers-assignment/data/tags.csv
08:17:23.744 INFO [main] org.lenskit.data.dao.file.TextEntitySource: loading text file source tags to read from file:/Users/ww/Downloads/nonpers-assignment/data/tags.csv
08:17:23.744 DEBUG [main] org.lenskit.data.dao.file.TextEntitySource: tags: using delimiter ,
08:17:23.744 DEBUG [main] org.lenskit.data.dao.file.TextEntitySource: tags: reading header
08:17:23.744 DEBUG [main] org.lenskit.data.dao.file.TextEntitySource: tags: reading entities of type EntityType[item-tag]
08:17:23.744 DEBUG [main] org.lenskit.data.dao.file.TextEntitySource: class org.lenskit.data.entities.BasicEntityBuilder: using entity builder {}
08:17:23.752 DEBUG [main] org.lenskit.LenskitRecommenderEngineBuilder: building graph from 3 configurations
08:17:23.826 DEBUG [main] org.lenskit.inject.RecommenderInstantiator: replacing nodes in graph with 9 nodes
08:17:23.834 DEBUG [main] org.lenskit.inject.RecommenderInstantiator: found 5 shared nodes
08:17:25.324 INFO [main] org.lenskit.data.dao.file.StaticDataSource: deriving entity type EntityType[user] from EntityType[rating] (column TypedName[user: long])
08:17:26.013 INFO [main] org.lenskit.data.dao.file.StaticDataSource: deriving entity type EntityType[item] from EntityType[rating] (column TypedName[item: long])
08:17:26.049 DEBUG [main] org.lenskit.data.entities.EntityCollectionBuilder: built collection of 2500 entities with type EntityType[item] and 2 indexes
08:17:26.087 DEBUG [main] org.lenskit.data.entities.EntityCollectionBuilder: built collection of 264505 entities with type EntityType[rating] and 2 indexes
08:17:26.113 DEBUG [main] org.lenskit.data.entities.EntityCollectionBuilder: built collection of 94875 entities with type EntityType[item-tag] and 2 indexes
08:17:26.114 DEBUG [main] org.lenskit.data.entities.EntityCollectionBuilder: built collection of 862 entities with type EntityType[user] and 2 indexes
08:17:26.185 INFO [main] org.lenskit.mooc.nonpers.mean.ItemMeanModelProvider: computed mean ratings for 2500 items
08:17:26.202 DEBUG [main] org.lenskit.inject.RecommenderInstantiator: final graph has 9 nodes
08:17:26.204 INFO [main] org.lenskit.cli.util.RecommenderLoader: built recommender in 2.453 s
08:17:26.210 INFO [main] org.lenskit.cli.commands.GlobalRecommend: using 0 reference items: []
08:17:26.211 INFO [main] org.lenskit.mooc.nonpers.mean.MeanItemBasedItemRecommender: computing 10 recommendations from 2500 items
08:17:26.248 INFO [main] org.lenskit.cli.commands.GlobalRecommend: recommended in 38.22 ms
08:17:26.249 INFO [main] org.lenskit.cli.Main: If you use LensKit in published research, please see http://lenskit.org/research/
