10:44:58.164 INFO [main] org.lenskit.cli.Main: Starting LensKit 3.0-M1 on Java 1.8.0_144 from Oracle Corporation
10:44:58.230 DEBUG [main] org.lenskit.LenskitInfo: have 5573 active revisions
10:44:58.239 DEBUG [main] org.lenskit.cli.Main: Built from Git revision c0210fa3281ef8b15b0959bcd5fced43c5fec38a
10:44:58.239 DEBUG [main] org.lenskit.cli.Main: Using VM 'Java HotSpot(TM) 64-Bit Server VM' version 25.144-b01 from Oracle Corporation
10:44:58.239 INFO [main] org.lenskit.cli.Main: Have 4 processors and heap limit of 1820 MiB
10:44:58.275 INFO [main] org.lenskit.cli.util.RecommenderLoader: creating fresh recommender
10:44:58.746 INFO [main] org.lenskit.config.ConfigurationLoader: loading script from file:/Users/ww/codework/coursera/recommendation/uucf/uu-assignment/etc/user-user.groovy
10:44:59.540 DEBUG [main] org.lenskit.data.dao.file.TextEntitySource: loading source ratings with base URI file:/Users/ww/codework/coursera/recommendation/uucf/uu-assignment/data/movielens.yml
10:44:59.541 DEBUG [main] org.lenskit.data.dao.file.TextEntitySource: resolved file URI: file:/Users/ww/codework/coursera/recommendation/uucf/uu-assignment/data/ratings.csv
10:44:59.554 INFO [main] org.lenskit.data.dao.file.TextEntitySource: loading text file source ratings to read from file:/Users/ww/codework/coursera/recommendation/uucf/uu-assignment/data/ratings.csv
10:44:59.566 DEBUG [main] org.lenskit.data.dao.file.TextEntitySource: ratings: using delimiter ,
10:44:59.566 DEBUG [main] org.lenskit.data.dao.file.TextEntitySource: ratings: reading header
10:44:59.566 DEBUG [main] org.lenskit.data.dao.file.TextEntitySource: ratings: reading entities of type EntityType[rating]
10:44:59.627 DEBUG [main] org.lenskit.data.dao.file.TextEntitySource: class org.lenskit.data.ratings.RatingBuilder: using entity builder {}
10:44:59.627 DEBUG [main] org.lenskit.data.dao.file.TextEntitySource: loading source movies with base URI file:/Users/ww/codework/coursera/recommendation/uucf/uu-assignment/data/movielens.yml
10:44:59.627 DEBUG [main] org.lenskit.data.dao.file.TextEntitySource: resolved file URI: file:/Users/ww/codework/coursera/recommendation/uucf/uu-assignment/data/movies.csv
10:44:59.628 INFO [main] org.lenskit.data.dao.file.TextEntitySource: loading text file source movies to read from file:/Users/ww/codework/coursera/recommendation/uucf/uu-assignment/data/movies.csv
10:44:59.628 DEBUG [main] org.lenskit.data.dao.file.TextEntitySource: movies: using delimiter ,
10:44:59.628 DEBUG [main] org.lenskit.data.dao.file.TextEntitySource: movies: reading header
10:44:59.628 DEBUG [main] org.lenskit.data.dao.file.TextEntitySource: movies: reading entities of type EntityType[item]
10:44:59.628 DEBUG [main] org.lenskit.data.dao.file.TextEntitySource: class org.lenskit.data.entities.BasicEntityBuilder: using entity builder {}
10:44:59.628 DEBUG [main] org.lenskit.data.dao.file.TextEntitySource: loading source tags with base URI file:/Users/ww/codework/coursera/recommendation/uucf/uu-assignment/data/movielens.yml
10:44:59.628 DEBUG [main] org.lenskit.data.dao.file.TextEntitySource: resolved file URI: file:/Users/ww/codework/coursera/recommendation/uucf/uu-assignment/data/tags.csv
10:44:59.628 INFO [main] org.lenskit.data.dao.file.TextEntitySource: loading text file source tags to read from file:/Users/ww/codework/coursera/recommendation/uucf/uu-assignment/data/tags.csv
10:44:59.629 DEBUG [main] org.lenskit.data.dao.file.TextEntitySource: tags: using delimiter ,
10:44:59.629 DEBUG [main] org.lenskit.data.dao.file.TextEntitySource: tags: reading header
10:44:59.629 DEBUG [main] org.lenskit.data.dao.file.TextEntitySource: tags: reading entities of type EntityType[item-tag]
10:44:59.629 DEBUG [main] org.lenskit.data.dao.file.TextEntitySource: class org.lenskit.data.entities.BasicEntityBuilder: using entity builder {}
10:44:59.638 DEBUG [main] org.lenskit.LenskitRecommenderEngineBuilder: building graph from 3 configurations
10:44:59.739 DEBUG [main] org.lenskit.inject.RecommenderInstantiator: replacing nodes in graph with 12 nodes
10:44:59.748 DEBUG [main] org.lenskit.inject.RecommenderInstantiator: found 3 shared nodes
10:44:59.748 DEBUG [main] org.lenskit.inject.RecommenderInstantiator: final graph has 12 nodes
10:44:59.750 INFO [main] org.lenskit.cli.util.RecommenderLoader: built recommender in 111.8 ms
10:45:01.488 INFO [main] org.lenskit.data.dao.file.StaticDataSource: deriving entity type EntityType[user] from EntityType[rating] (column TypedName[user: long])
10:45:01.624 INFO [main] org.lenskit.data.dao.file.StaticDataSource: deriving entity type EntityType[item] from EntityType[rating] (column TypedName[item: long])
10:45:03.735 DEBUG [main] org.lenskit.data.entities.EntityCollectionBuilder: built collection of 2500 entities with type EntityType[item] and 2 indexes
10:45:03.823 DEBUG [main] org.lenskit.data.entities.EntityCollectionBuilder: built collection of 264505 entities with type EntityType[rating] and 2 indexes
10:45:03.869 DEBUG [main] org.lenskit.data.entities.EntityCollectionBuilder: built collection of 94875 entities with type EntityType[item-tag] and 2 indexes
10:45:03.870 DEBUG [main] org.lenskit.data.entities.EntityCollectionBuilder: built collection of 862 entities with type EntityType[user] and 2 indexes
10:45:03.883 INFO [main] org.lenskit.cli.commands.Predict: predicting 4 items
10:45:05.091 INFO [main] org.lenskit.cli.commands.Predict: predicted for 4 items in 1.207 s
10:45:05.092 INFO [main] org.lenskit.cli.Main: If you use LensKit in published research, please see http://lenskit.org/research/
