10:45:37.830 INFO [main] org.lenskit.cli.Main: Starting LensKit 3.0-M1 on Java 1.8.0_144 from Oracle Corporation
10:45:37.906 DEBUG [main] org.lenskit.LenskitInfo: have 5573 active revisions
10:45:37.914 DEBUG [main] org.lenskit.cli.Main: Built from Git revision c0210fa3281ef8b15b0959bcd5fced43c5fec38a
10:45:37.914 DEBUG [main] org.lenskit.cli.Main: Using VM 'Java HotSpot(TM) 64-Bit Server VM' version 25.144-b01 from Oracle Corporation
10:45:37.914 INFO [main] org.lenskit.cli.Main: Have 4 processors and heap limit of 1820 MiB
10:45:37.965 INFO [main] org.lenskit.cli.util.RecommenderLoader: creating fresh recommender
10:45:38.887 INFO [main] org.lenskit.config.ConfigurationLoader: loading script from file:/Users/ww/codework/coursera/recommendation/uucf/uu-assignment/etc/user-user.groovy
10:45:40.373 DEBUG [main] org.lenskit.data.dao.file.TextEntitySource: loading source ratings with base URI file:/Users/ww/codework/coursera/recommendation/uucf/uu-assignment/data/movielens.yml
10:45:40.374 DEBUG [main] org.lenskit.data.dao.file.TextEntitySource: resolved file URI: file:/Users/ww/codework/coursera/recommendation/uucf/uu-assignment/data/ratings.csv
10:45:40.405 INFO [main] org.lenskit.data.dao.file.TextEntitySource: loading text file source ratings to read from file:/Users/ww/codework/coursera/recommendation/uucf/uu-assignment/data/ratings.csv
10:45:40.414 DEBUG [main] org.lenskit.data.dao.file.TextEntitySource: ratings: using delimiter ,
10:45:40.415 DEBUG [main] org.lenskit.data.dao.file.TextEntitySource: ratings: reading header
10:45:40.415 DEBUG [main] org.lenskit.data.dao.file.TextEntitySource: ratings: reading entities of type EntityType[rating]
10:45:40.508 DEBUG [main] org.lenskit.data.dao.file.TextEntitySource: class org.lenskit.data.ratings.RatingBuilder: using entity builder {}
10:45:40.508 DEBUG [main] org.lenskit.data.dao.file.TextEntitySource: loading source movies with base URI file:/Users/ww/codework/coursera/recommendation/uucf/uu-assignment/data/movielens.yml
10:45:40.509 DEBUG [main] org.lenskit.data.dao.file.TextEntitySource: resolved file URI: file:/Users/ww/codework/coursera/recommendation/uucf/uu-assignment/data/movies.csv
10:45:40.509 INFO [main] org.lenskit.data.dao.file.TextEntitySource: loading text file source movies to read from file:/Users/ww/codework/coursera/recommendation/uucf/uu-assignment/data/movies.csv
10:45:40.509 DEBUG [main] org.lenskit.data.dao.file.TextEntitySource: movies: using delimiter ,
10:45:40.509 DEBUG [main] org.lenskit.data.dao.file.TextEntitySource: movies: reading header
10:45:40.509 DEBUG [main] org.lenskit.data.dao.file.TextEntitySource: movies: reading entities of type EntityType[item]
10:45:40.510 DEBUG [main] org.lenskit.data.dao.file.TextEntitySource: class org.lenskit.data.entities.BasicEntityBuilder: using entity builder {}
10:45:40.510 DEBUG [main] org.lenskit.data.dao.file.TextEntitySource: loading source tags with base URI file:/Users/ww/codework/coursera/recommendation/uucf/uu-assignment/data/movielens.yml
10:45:40.510 DEBUG [main] org.lenskit.data.dao.file.TextEntitySource: resolved file URI: file:/Users/ww/codework/coursera/recommendation/uucf/uu-assignment/data/tags.csv
10:45:40.510 INFO [main] org.lenskit.data.dao.file.TextEntitySource: loading text file source tags to read from file:/Users/ww/codework/coursera/recommendation/uucf/uu-assignment/data/tags.csv
10:45:40.511 DEBUG [main] org.lenskit.data.dao.file.TextEntitySource: tags: using delimiter ,
10:45:40.511 DEBUG [main] org.lenskit.data.dao.file.TextEntitySource: tags: reading header
10:45:40.511 DEBUG [main] org.lenskit.data.dao.file.TextEntitySource: tags: reading entities of type EntityType[item-tag]
10:45:40.513 DEBUG [main] org.lenskit.data.dao.file.TextEntitySource: class org.lenskit.data.entities.BasicEntityBuilder: using entity builder {}
10:45:40.526 DEBUG [main] org.lenskit.LenskitRecommenderEngineBuilder: building graph from 3 configurations
10:45:40.677 DEBUG [main] org.lenskit.inject.RecommenderInstantiator: replacing nodes in graph with 12 nodes
10:45:40.696 DEBUG [main] org.lenskit.inject.RecommenderInstantiator: found 3 shared nodes
10:45:40.696 DEBUG [main] org.lenskit.inject.RecommenderInstantiator: final graph has 12 nodes
10:45:40.697 INFO [main] org.lenskit.cli.util.RecommenderLoader: built recommender in 171.8 ms
10:45:43.519 INFO [main] org.lenskit.data.dao.file.StaticDataSource: deriving entity type EntityType[user] from EntityType[rating] (column TypedName[user: long])
10:45:44.645 INFO [main] org.lenskit.data.dao.file.StaticDataSource: deriving entity type EntityType[item] from EntityType[rating] (column TypedName[item: long])
10:45:44.724 DEBUG [main] org.lenskit.data.entities.EntityCollectionBuilder: built collection of 2500 entities with type EntityType[item] and 2 indexes
10:45:44.795 DEBUG [main] org.lenskit.data.entities.EntityCollectionBuilder: built collection of 264505 entities with type EntityType[rating] and 2 indexes
10:45:44.825 DEBUG [main] org.lenskit.data.entities.EntityCollectionBuilder: built collection of 94875 entities with type EntityType[item-tag] and 2 indexes
10:45:44.826 DEBUG [main] org.lenskit.data.entities.EntityCollectionBuilder: built collection of 862 entities with type EntityType[user] and 2 indexes
10:45:44.845 INFO [main] org.lenskit.cli.commands.Recommend: recommending for 1 users
10:45:44.880 DEBUG [main] org.lenskit.basic.TopNItemRecommender: computing effective candidates for user 320 from 2500 candidates and 62 excluded items
10:45:44.889 DEBUG [main] org.lenskit.basic.TopNItemRecommender: Computing 10 recommendations for user 320 from 2438 candidates
10:45:48.107 INFO [main] org.lenskit.cli.commands.Recommend: recommended for 1 users in 1.958 min
10:45:48.112 INFO [main] org.lenskit.cli.Main: If you use LensKit in published research, please see http://lenskit.org/research/
