22:39:57.914 INFO [main] org.lenskit.cli.Main: Starting LensKit 3.0-M1 on Java 1.8.0_144 from Oracle Corporation
22:39:57.948 DEBUG [main] org.lenskit.LenskitInfo: have 5573 active revisions
22:39:57.953 DEBUG [main] org.lenskit.cli.Main: Built from Git revision c0210fa3281ef8b15b0959bcd5fced43c5fec38a
22:39:57.953 DEBUG [main] org.lenskit.cli.Main: Using VM 'Java HotSpot(TM) 64-Bit Server VM' version 25.144-b01 from Oracle Corporation
22:39:57.953 INFO [main] org.lenskit.cli.Main: Have 4 processors and heap limit of 1820 MiB
22:39:57.970 INFO [main] org.lenskit.cli.util.RecommenderLoader: creating fresh recommender
22:39:58.272 INFO [main] org.lenskit.config.ConfigurationLoader: loading script from file:/Users/ww/codework/coursera/recommendation/iicf/ii-assignment/etc/item-item.groovy
22:39:58.726 DEBUG [main] org.lenskit.data.dao.file.TextEntitySource: loading source ratings with base URI file:/Users/ww/codework/coursera/recommendation/iicf/ii-assignment/data/movielens.yml
22:39:58.727 DEBUG [main] org.lenskit.data.dao.file.TextEntitySource: resolved file URI: file:/Users/ww/codework/coursera/recommendation/iicf/ii-assignment/data/ratings.csv
22:39:58.735 INFO [main] org.lenskit.data.dao.file.TextEntitySource: loading text file source ratings to read from file:/Users/ww/codework/coursera/recommendation/iicf/ii-assignment/data/ratings.csv
22:39:58.740 DEBUG [main] org.lenskit.data.dao.file.TextEntitySource: ratings: using delimiter ,
22:39:58.740 DEBUG [main] org.lenskit.data.dao.file.TextEntitySource: ratings: reading header
22:39:58.740 DEBUG [main] org.lenskit.data.dao.file.TextEntitySource: ratings: reading entities of type EntityType[rating]
22:39:58.779 DEBUG [main] org.lenskit.data.dao.file.TextEntitySource: class org.lenskit.data.ratings.RatingBuilder: using entity builder {}
22:39:58.779 DEBUG [main] org.lenskit.data.dao.file.TextEntitySource: loading source movies with base URI file:/Users/ww/codework/coursera/recommendation/iicf/ii-assignment/data/movielens.yml
22:39:58.779 DEBUG [main] org.lenskit.data.dao.file.TextEntitySource: resolved file URI: file:/Users/ww/codework/coursera/recommendation/iicf/ii-assignment/data/movies.csv
22:39:58.779 INFO [main] org.lenskit.data.dao.file.TextEntitySource: loading text file source movies to read from file:/Users/ww/codework/coursera/recommendation/iicf/ii-assignment/data/movies.csv
22:39:58.779 DEBUG [main] org.lenskit.data.dao.file.TextEntitySource: movies: using delimiter ,
22:39:58.779 DEBUG [main] org.lenskit.data.dao.file.TextEntitySource: movies: reading header
22:39:58.779 DEBUG [main] org.lenskit.data.dao.file.TextEntitySource: movies: reading entities of type EntityType[item]
22:39:58.779 DEBUG [main] org.lenskit.data.dao.file.TextEntitySource: class org.lenskit.data.entities.BasicEntityBuilder: using entity builder {}
22:39:58.779 DEBUG [main] org.lenskit.data.dao.file.TextEntitySource: loading source tags with base URI file:/Users/ww/codework/coursera/recommendation/iicf/ii-assignment/data/movielens.yml
22:39:58.779 DEBUG [main] org.lenskit.data.dao.file.TextEntitySource: resolved file URI: file:/Users/ww/codework/coursera/recommendation/iicf/ii-assignment/data/tags.csv
22:39:58.780 INFO [main] org.lenskit.data.dao.file.TextEntitySource: loading text file source tags to read from file:/Users/ww/codework/coursera/recommendation/iicf/ii-assignment/data/tags.csv
22:39:58.780 DEBUG [main] org.lenskit.data.dao.file.TextEntitySource: tags: using delimiter ,
22:39:58.780 DEBUG [main] org.lenskit.data.dao.file.TextEntitySource: tags: reading header
22:39:58.780 DEBUG [main] org.lenskit.data.dao.file.TextEntitySource: tags: reading entities of type EntityType[item-tag]
22:39:58.780 DEBUG [main] org.lenskit.data.dao.file.TextEntitySource: class org.lenskit.data.entities.BasicEntityBuilder: using entity builder {}
22:39:58.785 DEBUG [main] org.lenskit.LenskitRecommenderEngineBuilder: building graph from 3 configurations
22:39:58.852 DEBUG [main] org.lenskit.inject.RecommenderInstantiator: replacing nodes in graph with 13 nodes
22:39:58.858 DEBUG [main] org.lenskit.inject.RecommenderInstantiator: found 2 shared nodes
22:40:00.555 INFO [main] org.lenskit.data.dao.file.StaticDataSource: deriving entity type EntityType[user] from EntityType[rating] (column TypedName[user: long])
22:40:00.651 INFO [main] org.lenskit.data.dao.file.StaticDataSource: deriving entity type EntityType[item] from EntityType[rating] (column TypedName[item: long])
22:40:00.696 DEBUG [main] org.lenskit.data.entities.EntityCollectionBuilder: built collection of 2500 entities with type EntityType[item] and 2 indexes
22:40:00.721 DEBUG [main] org.lenskit.data.entities.EntityCollectionBuilder: built collection of 264505 entities with type EntityType[rating] and 2 indexes
22:40:00.731 DEBUG [main] org.lenskit.data.entities.EntityCollectionBuilder: built collection of 94875 entities with type EntityType[item-tag] and 2 indexes
22:40:00.733 DEBUG [main] org.lenskit.data.entities.EntityCollectionBuilder: built collection of 862 entities with type EntityType[user] and 2 indexes
22:40:29.190 DEBUG [main] org.lenskit.inject.RecommenderInstantiator: final graph has 13 nodes
22:40:29.191 INFO [main] org.lenskit.cli.util.RecommenderLoader: built recommender in 30.41 s
22:40:29.196 INFO [main] org.lenskit.cli.commands.Predict: predicting 4 items
22:40:29.217 INFO [main] org.lenskit.cli.commands.Predict: predicted for 4 items in 20.49 ms
22:40:29.219 INFO [main] org.lenskit.cli.Main: If you use LensKit in published research, please see http://lenskit.org/research/
