22:41:20.322 INFO [main] org.lenskit.cli.Main: Starting LensKit 3.0-M1 on Java 1.8.0_144 from Oracle Corporation
22:41:20.360 DEBUG [main] org.lenskit.LenskitInfo: have 5573 active revisions
22:41:20.366 DEBUG [main] org.lenskit.cli.Main: Built from Git revision c0210fa3281ef8b15b0959bcd5fced43c5fec38a
22:41:20.366 DEBUG [main] org.lenskit.cli.Main: Using VM 'Java HotSpot(TM) 64-Bit Server VM' version 25.144-b01 from Oracle Corporation
22:41:20.366 INFO [main] org.lenskit.cli.Main: Have 4 processors and heap limit of 1820 MiB
22:41:20.392 INFO [main] org.lenskit.cli.util.RecommenderLoader: creating fresh recommender
22:41:20.727 INFO [main] org.lenskit.config.ConfigurationLoader: loading script from file:/Users/ww/codework/coursera/recommendation/iicf/ii-assignment/etc/item-item.groovy
22:41:21.180 DEBUG [main] org.lenskit.data.dao.file.TextEntitySource: loading source ratings with base URI file:/Users/ww/codework/coursera/recommendation/iicf/ii-assignment/data/movielens.yml
22:41:21.181 DEBUG [main] org.lenskit.data.dao.file.TextEntitySource: resolved file URI: file:/Users/ww/codework/coursera/recommendation/iicf/ii-assignment/data/ratings.csv
22:41:21.191 INFO [main] org.lenskit.data.dao.file.TextEntitySource: loading text file source ratings to read from file:/Users/ww/codework/coursera/recommendation/iicf/ii-assignment/data/ratings.csv
22:41:21.196 DEBUG [main] org.lenskit.data.dao.file.TextEntitySource: ratings: using delimiter ,
22:41:21.196 DEBUG [main] org.lenskit.data.dao.file.TextEntitySource: ratings: reading header
22:41:21.196 DEBUG [main] org.lenskit.data.dao.file.TextEntitySource: ratings: reading entities of type EntityType[rating]
22:41:21.236 DEBUG [main] org.lenskit.data.dao.file.TextEntitySource: class org.lenskit.data.ratings.RatingBuilder: using entity builder {}
22:41:21.236 DEBUG [main] org.lenskit.data.dao.file.TextEntitySource: loading source movies with base URI file:/Users/ww/codework/coursera/recommendation/iicf/ii-assignment/data/movielens.yml
22:41:21.236 DEBUG [main] org.lenskit.data.dao.file.TextEntitySource: resolved file URI: file:/Users/ww/codework/coursera/recommendation/iicf/ii-assignment/data/movies.csv
22:41:21.236 INFO [main] org.lenskit.data.dao.file.TextEntitySource: loading text file source movies to read from file:/Users/ww/codework/coursera/recommendation/iicf/ii-assignment/data/movies.csv
22:41:21.237 DEBUG [main] org.lenskit.data.dao.file.TextEntitySource: movies: using delimiter ,
22:41:21.237 DEBUG [main] org.lenskit.data.dao.file.TextEntitySource: movies: reading header
22:41:21.237 DEBUG [main] org.lenskit.data.dao.file.TextEntitySource: movies: reading entities of type EntityType[item]
22:41:21.237 DEBUG [main] org.lenskit.data.dao.file.TextEntitySource: class org.lenskit.data.entities.BasicEntityBuilder: using entity builder {}
22:41:21.237 DEBUG [main] org.lenskit.data.dao.file.TextEntitySource: loading source tags with base URI file:/Users/ww/codework/coursera/recommendation/iicf/ii-assignment/data/movielens.yml
22:41:21.237 DEBUG [main] org.lenskit.data.dao.file.TextEntitySource: resolved file URI: file:/Users/ww/codework/coursera/recommendation/iicf/ii-assignment/data/tags.csv
22:41:21.237 INFO [main] org.lenskit.data.dao.file.TextEntitySource: loading text file source tags to read from file:/Users/ww/codework/coursera/recommendation/iicf/ii-assignment/data/tags.csv
22:41:21.237 DEBUG [main] org.lenskit.data.dao.file.TextEntitySource: tags: using delimiter ,
22:41:21.237 DEBUG [main] org.lenskit.data.dao.file.TextEntitySource: tags: reading header
22:41:21.238 DEBUG [main] org.lenskit.data.dao.file.TextEntitySource: tags: reading entities of type EntityType[item-tag]
22:41:21.238 DEBUG [main] org.lenskit.data.dao.file.TextEntitySource: class org.lenskit.data.entities.BasicEntityBuilder: using entity builder {}
22:41:21.243 DEBUG [main] org.lenskit.LenskitRecommenderEngineBuilder: building graph from 3 configurations
22:41:21.319 DEBUG [main] org.lenskit.inject.RecommenderInstantiator: replacing nodes in graph with 13 nodes
22:41:21.324 DEBUG [main] org.lenskit.inject.RecommenderInstantiator: found 2 shared nodes
22:41:22.843 INFO [main] org.lenskit.data.dao.file.StaticDataSource: deriving entity type EntityType[user] from EntityType[rating] (column TypedName[user: long])
22:41:22.942 INFO [main] org.lenskit.data.dao.file.StaticDataSource: deriving entity type EntityType[item] from EntityType[rating] (column TypedName[item: long])
22:41:22.986 DEBUG [main] org.lenskit.data.entities.EntityCollectionBuilder: built collection of 2500 entities with type EntityType[item] and 2 indexes
22:41:23.013 DEBUG [main] org.lenskit.data.entities.EntityCollectionBuilder: built collection of 264505 entities with type EntityType[rating] and 2 indexes
22:41:23.030 DEBUG [main] org.lenskit.data.entities.EntityCollectionBuilder: built collection of 94875 entities with type EntityType[item-tag] and 2 indexes
22:41:23.031 DEBUG [main] org.lenskit.data.entities.EntityCollectionBuilder: built collection of 862 entities with type EntityType[user] and 2 indexes
22:41:52.406 DEBUG [main] org.lenskit.inject.RecommenderInstantiator: final graph has 13 nodes
22:41:52.410 INFO [main] org.lenskit.cli.util.RecommenderLoader: built recommender in 31.17 s
22:41:52.418 INFO [main] org.lenskit.cli.commands.Recommend: recommending for 1 users
22:41:52.423 DEBUG [main] org.lenskit.basic.TopNItemRecommender: computing effective candidates for user 320 from 2500 candidates and 62 excluded items
22:41:52.424 DEBUG [main] org.lenskit.basic.TopNItemRecommender: Computing 10 recommendations for user 320 from 2438 candidates
22:41:53.993 INFO [main] org.lenskit.cli.commands.Recommend: recommended for 1 users in 1.575 s
22:41:53.994 INFO [main] org.lenskit.cli.Main: If you use LensKit in published research, please see http://lenskit.org/research/
